Reading netlist file: "C:\Users\Ev\Documents\trafik_sinyalizasyon\impl\gwsynthesis\trafik_sinyalizasyon.vg"
Parsing netlist file "C:\Users\Ev\Documents\trafik_sinyalizasyon\impl\gwsynthesis\trafik_sinyalizasyon.vg" completed
Processing netlist completed
Reading constraint file: "C:\Users\Ev\Documents\trafik_sinyalizasyon\src\trafik_sinyalizasyon.cst"
Physical Constraint parsed completed
Running placement......
[10%] Placement Phase 0 completed
[20%] Placement Phase 1 completed
[30%] Placement Phase 2 completed
[50%] Placement Phase 3 completed
Running routing......
[60%] Routing Phase 0 completed
[70%] Routing Phase 1 completed
[80%] Routing Phase 2 completed
[90%] Routing Phase 3 completed
Running timing analysis......
[95%] Timing analysis completed
Placement and routing completed
Bitstream generation in progress......
Bitstream generation completed
Running power analysis......
[100%] Power analysis completed
Generate file "C:\Users\Ev\Documents\trafik_sinyalizasyon\impl\pnr\trafik_sinyalizasyon.power.html" completed
Generate file "C:\Users\Ev\Documents\trafik_sinyalizasyon\impl\pnr\trafik_sinyalizasyon.pin.html" completed
Generate file "C:\Users\Ev\Documents\trafik_sinyalizasyon\impl\pnr\trafik_sinyalizasyon.rpt.html" completed
Generate file "C:\Users\Ev\Documents\trafik_sinyalizasyon\impl\pnr\trafik_sinyalizasyon.rpt.txt" completed
Generate file "C:\Users\Ev\Documents\trafik_sinyalizasyon\impl\pnr\trafik_sinyalizasyon.tr.html" completed
Sat Apr 15 16:22:33 2023

